2025-09-01 01:03:23,229 - __main__ - INFO - ==================================================
2025-09-01 01:03:23,251 - __main__ - INFO - ==================================================
2025-09-01 01:03:23,252 - __main__ - INFO - Checking dependencies...
2025-09-01 01:03:26,613 - __main__ - INFO - Checking project structure...
2025-09-01 01:03:26,617 - __main__ - INFO - Checking directories...
2025-09-01 01:03:26,620 - __main__ - INFO - Directory ready: models
2025-09-01 01:03:26,620 - __main__ - INFO - Directory ready: logs
2025-09-01 01:03:26,621 - __main__ - INFO - Directory ready: exports
2025-09-01 01:03:26,623 - __main__ - INFO - Directory ready: data
2025-09-01 01:03:51,455 - androguard.apk - INFO - Starting analysis on AndroidManifest.xml
2025-09-01 01:03:51,518 - androguard.apk - INFO - APK file was successfully validated!
2025-09-01 01:03:53,136 - androguard.apk - INFO - Starting analysis on AndroidManifest.xml
2025-09-01 01:03:53,172 - androguard.apk - INFO - APK file was successfully validated!
2025-09-01 22:58:31,975 - __main__ - INFO - ==================================================
2025-09-01 22:58:31,992 - __main__ - INFO - ==================================================
2025-09-01 22:58:31,992 - __main__ - INFO - Checking dependencies...
2025-09-01 22:58:36,929 - __main__ - INFO - Checking project structure...
2025-09-01 22:58:36,940 - __main__ - INFO - Checking directories...
2025-09-01 22:58:36,940 - __main__ - INFO - Directory ready: models
2025-09-01 22:58:36,941 - __main__ - INFO - Directory ready: logs
2025-09-01 22:58:36,941 - __main__ - INFO - Directory ready: exports
2025-09-01 22:58:36,943 - __main__ - INFO - Directory ready: data
2025-09-02 15:26:31,646 - __main__ - INFO - ==================================================
2025-09-02 15:26:31,658 - __main__ - INFO - ==================================================
2025-09-02 15:26:31,658 - __main__ - INFO - Checking dependencies...
2025-09-02 15:26:36,713 - __main__ - INFO - Checking project structure...
2025-09-02 15:26:36,726 - __main__ - INFO - Checking directories...
2025-09-02 15:26:36,727 - __main__ - INFO - Directory ready: models
2025-09-02 15:26:36,728 - __main__ - INFO - Directory ready: logs
2025-09-02 15:26:36,729 - __main__ - INFO - Directory ready: exports
2025-09-02 15:26:36,731 - __main__ - INFO - Directory ready: data
2025-09-02 15:26:39,563 - __main__ - ERROR - Failed to import application modules: cannot import name 'DexFile' from 'androguard.core.dex' (D:\Fake_Banking_App_Detector\.venv\Lib\site-packages\androguard\core\dex\__init__.py)
2025-09-02 15:56:20,303 - __main__ - INFO - ==================================================
2025-09-02 15:56:20,309 - __main__ - INFO - ==================================================
2025-09-02 15:56:20,309 - __main__ - INFO - Checking dependencies...
2025-09-02 15:56:21,750 - __main__ - INFO - Checking project structure...
2025-09-02 15:56:21,752 - __main__ - INFO - Checking directories...
2025-09-02 15:56:21,752 - __main__ - INFO - Directory ready: models
2025-09-02 15:56:21,752 - __main__ - INFO - Directory ready: logs
2025-09-02 15:56:21,752 - __main__ - INFO - Directory ready: exports
2025-09-02 15:56:21,752 - __main__ - INFO - Directory ready: data
2025-09-02 15:59:28,500 - __main__ - INFO - ==================================================
2025-09-02 15:59:28,500 - __main__ - INFO - ==================================================
2025-09-02 15:59:28,500 - __main__ - INFO - Checking dependencies...
2025-09-02 15:59:29,929 - __main__ - INFO - Checking project structure...
2025-09-02 15:59:29,930 - __main__ - INFO - Checking directories...
2025-09-02 15:59:29,931 - __main__ - INFO - Directory ready: models
2025-09-02 15:59:29,931 - __main__ - INFO - Directory ready: logs
2025-09-02 15:59:29,931 - __main__ - INFO - Directory ready: exports
2025-09-02 15:59:29,931 - __main__ - INFO - Directory ready: data
2025-09-02 16:04:44,925 - __main__ - INFO - ==================================================
2025-09-02 16:04:44,934 - __main__ - INFO - ==================================================
2025-09-02 16:04:44,937 - __main__ - INFO - Checking dependencies...
2025-09-02 16:04:46,363 - __main__ - INFO - Checking project structure...
2025-09-02 16:04:46,365 - __main__ - INFO - Checking directories...
2025-09-02 16:04:46,365 - __main__ - INFO - Directory ready: models
2025-09-02 16:04:46,366 - __main__ - INFO - Directory ready: logs
2025-09-02 16:04:46,366 - __main__ - INFO - Directory ready: exports
2025-09-02 16:04:46,366 - __main__ - INFO - Directory ready: data
2025-09-02 18:52:58,993 - __main__ - INFO - ==================================================
2025-09-02 18:52:59,005 - __main__ - INFO - ==================================================
2025-09-02 18:52:59,006 - __main__ - INFO - Checking dependencies...
2025-09-02 18:53:02,419 - __main__ - INFO - Checking project structure...
2025-09-02 18:53:02,423 - __main__ - INFO - Checking directories...
2025-09-02 18:53:02,423 - __main__ - INFO - Directory ready: models
2025-09-02 18:53:02,423 - __main__ - INFO - Directory ready: logs
2025-09-02 18:53:02,425 - __main__ - INFO - Directory ready: exports
2025-09-02 18:53:02,425 - __main__ - INFO - Directory ready: data
